<?xml version="1.0" encoding="UTF-8"?>
<testng-results skipped="0" failed="0" ignored="0" total="1" passed="1">
  <reporter-output>
  </reporter-output>
  <suite name="Default suite" duration-ms="46785" started-at="2019-04-25T17:53:31Z" finished-at="2019-04-25T17:54:18Z">
    <groups>
    </groups>
    <test name="Default test" duration-ms="46785" started-at="2019-04-25T17:53:31Z" finished-at="2019-04-25T17:54:18Z">
      <class name="Testcases.RoundTripTest">
        <test-method status="PASS" signature="Setup()[pri:0, instance:Testcases.RoundTripTest@5622fdf]" name="Setup" is-config="true" duration-ms="410" started-at="2019-04-25T23:23:31Z" finished-at="2019-04-25T23:23:32Z">
          <reporter-output>
          </reporter-output>
        </test-method> <!-- Setup -->
        <test-method status="PASS" signature="serachRoundTrip()[pri:0, instance:Testcases.RoundTripTest@5622fdf]" name="serachRoundTrip" duration-ms="44963" started-at="2019-04-25T23:23:32Z" finished-at="2019-04-25T23:24:17Z">
          <reporter-output>
          </reporter-output>
        </test-method> <!-- serachRoundTrip -->
        <test-method status="PASS" signature="afterMethod(org.testng.ITestResult)[pri:0, instance:Testcases.RoundTripTest@5622fdf]" name="afterMethod" is-config="true" duration-ms="15" started-at="2019-04-25T23:24:17Z" finished-at="2019-04-25T23:24:17Z">
          <params>
            <param index="0">
              <value>
                <![CDATA[[TestResult name=serachRoundTrip status=SUCCESS method=RoundTripTest.serachRoundTrip()[pri:0, instance:Testcases.RoundTripTest@5622fdf] output={null}]]]>
              </value>
            </param>
          </params>
          <reporter-output>
          </reporter-output>
        </test-method> <!-- afterMethod -->
        <test-method status="PASS" signature="TearDown()[pri:0, instance:Testcases.RoundTripTest@5622fdf]" name="TearDown" is-config="true" duration-ms="1340" started-at="2019-04-25T23:24:17Z" finished-at="2019-04-25T23:24:18Z">
          <reporter-output>
          </reporter-output>
        </test-method> <!-- TearDown -->
      </class> <!-- Testcases.RoundTripTest -->
    </test> <!-- Default test -->
  </suite> <!-- Default suite -->
</testng-results>
